<?xml version="1.0" encoding="UTF-8"?>
<testsuite xmlns:xsi="http://www.w3.org/2001/XMLSchema-instance" xsi:noNamespaceSchemaLocation="https://maven.apache.org/surefire/maven-surefire-plugin/xsd/surefire-test-report.xsd" name="com.chongan.ResearchTeamApplicationTests" time="4.027" tests="1" errors="0" skipped="0" failures="0">
  <properties>
    <property name="java.specification.version" value="16"/>
    <property name="sun.cpu.isalist" value="amd64"/>
    <property name="sun.jnu.encoding" value="GBK"/>
    <property name="java.class.path" value="D:\Desktop\ResearchTeam\RT项目代码\target\test-classes;D:\Desktop\ResearchTeam\RT项目代码\target\classes;E:\maven\apache-maven-3.8.1\maven-repo\org\springframework\boot\spring-boot-starter\2.5.6\spring-boot-starter-2.5.6.jar;E:\maven\apache-maven-3.8.1\maven-repo\org\springframework\boot\spring-boot\2.5.6\spring-boot-2.5.6.jar;E:\maven\apache-maven-3.8.1\maven-repo\org\springframework\spring-context\5.3.12\spring-context-5.3.12.jar;E:\maven\apache-maven-3.8.1\maven-repo\org\springframework\boot\spring-boot-autoconfigure\2.5.6\spring-boot-autoconfigure-2.5.6.jar;E:\maven\apache-maven-3.8.1\maven-repo\org\springframework\boot\spring-boot-starter-logging\2.5.6\spring-boot-starter-logging-2.5.6.jar;E:\maven\apache-maven-3.8.1\maven-repo\ch\qos\logback\logback-classic\1.2.6\logback-classic-1.2.6.jar;E:\maven\apache-maven-3.8.1\maven-repo\ch\qos\logback\logback-core\1.2.6\logback-core-1.2.6.jar;E:\maven\apache-maven-3.8.1\maven-repo\org\apache\logging\log4j\log4j-to-slf4j\2.14.1\log4j-to-slf4j-2.14.1.jar;E:\maven\apache-maven-3.8.1\maven-repo\org\apache\logging\log4j\log4j-api\2.14.1\log4j-api-2.14.1.jar;E:\maven\apache-maven-3.8.1\maven-repo\org\slf4j\jul-to-slf4j\1.7.32\jul-to-slf4j-1.7.32.jar;E:\maven\apache-maven-3.8.1\maven-repo\jakarta\annotation\jakarta.annotation-api\1.3.5\jakarta.annotation-api-1.3.5.jar;E:\maven\apache-maven-3.8.1\maven-repo\org\springframework\spring-core\5.3.12\spring-core-5.3.12.jar;E:\maven\apache-maven-3.8.1\maven-repo\org\springframework\spring-jcl\5.3.12\spring-jcl-5.3.12.jar;E:\maven\apache-maven-3.8.1\maven-repo\org\yaml\snakeyaml\1.28\snakeyaml-1.28.jar;E:\maven\apache-maven-3.8.1\maven-repo\org\springframework\boot\spring-boot-starter-test\2.5.6\spring-boot-starter-test-2.5.6.jar;E:\maven\apache-maven-3.8.1\maven-repo\org\springframework\boot\spring-boot-test\2.5.6\spring-boot-test-2.5.6.jar;E:\maven\apache-maven-3.8.1\maven-repo\org\springframework\boot\spring-boot-test-autoconfigure\2.5.6\spring-boot-test-autoconfigure-2.5.6.jar;E:\maven\apache-maven-3.8.1\maven-repo\com\jayway\jsonpath\json-path\2.5.0\json-path-2.5.0.jar;E:\maven\apache-maven-3.8.1\maven-repo\net\minidev\json-smart\2.4.7\json-smart-2.4.7.jar;E:\maven\apache-maven-3.8.1\maven-repo\net\minidev\accessors-smart\2.4.7\accessors-smart-2.4.7.jar;E:\maven\apache-maven-3.8.1\maven-repo\org\ow2\asm\asm\9.1\asm-9.1.jar;E:\maven\apache-maven-3.8.1\maven-repo\org\slf4j\slf4j-api\1.7.32\slf4j-api-1.7.32.jar;E:\maven\apache-maven-3.8.1\maven-repo\jakarta\xml\bind\jakarta.xml.bind-api\2.3.3\jakarta.xml.bind-api-2.3.3.jar;E:\maven\apache-maven-3.8.1\maven-repo\jakarta\activation\jakarta.activation-api\1.2.2\jakarta.activation-api-1.2.2.jar;E:\maven\apache-maven-3.8.1\maven-repo\org\assertj\assertj-core\3.19.0\assertj-core-3.19.0.jar;E:\maven\apache-maven-3.8.1\maven-repo\org\hamcrest\hamcrest\2.2\hamcrest-2.2.jar;E:\maven\apache-maven-3.8.1\maven-repo\org\junit\jupiter\junit-jupiter\5.7.2\junit-jupiter-5.7.2.jar;E:\maven\apache-maven-3.8.1\maven-repo\org\junit\jupiter\junit-jupiter-api\5.7.2\junit-jupiter-api-5.7.2.jar;E:\maven\apache-maven-3.8.1\maven-repo\org\apiguardian\apiguardian-api\1.1.0\apiguardian-api-1.1.0.jar;E:\maven\apache-maven-3.8.1\maven-repo\org\opentest4j\opentest4j\1.2.0\opentest4j-1.2.0.jar;E:\maven\apache-maven-3.8.1\maven-repo\org\junit\platform\junit-platform-commons\1.7.2\junit-platform-commons-1.7.2.jar;E:\maven\apache-maven-3.8.1\maven-repo\org\junit\jupiter\junit-jupiter-params\5.7.2\junit-jupiter-params-5.7.2.jar;E:\maven\apache-maven-3.8.1\maven-repo\org\junit\jupiter\junit-jupiter-engine\5.7.2\junit-jupiter-engine-5.7.2.jar;E:\maven\apache-maven-3.8.1\maven-repo\org\junit\platform\junit-platform-engine\1.7.2\junit-platform-engine-1.7.2.jar;E:\maven\apache-maven-3.8.1\maven-repo\org\mockito\mockito-core\3.9.0\mockito-core-3.9.0.jar;E:\maven\apache-maven-3.8.1\maven-repo\net\bytebuddy\byte-buddy\1.10.22\byte-buddy-1.10.22.jar;E:\maven\apache-maven-3.8.1\maven-repo\net\bytebuddy\byte-buddy-agent\1.10.22\byte-buddy-agent-1.10.22.jar;E:\maven\apache-maven-3.8.1\maven-repo\org\objenesis\objenesis\3.2\objenesis-3.2.jar;E:\maven\apache-maven-3.8.1\maven-repo\org\mockito\mockito-junit-jupiter\3.9.0\mockito-junit-jupiter-3.9.0.jar;E:\maven\apache-maven-3.8.1\maven-repo\org\skyscreamer\jsonassert\1.5.0\jsonassert-1.5.0.jar;E:\maven\apache-maven-3.8.1\maven-repo\com\vaadin\external\google\android-json\0.0.20131108.vaadin1\android-json-0.0.20131108.vaadin1.jar;E:\maven\apache-maven-3.8.1\maven-repo\org\springframework\spring-test\5.3.12\spring-test-5.3.12.jar;E:\maven\apache-maven-3.8.1\maven-repo\org\xmlunit\xmlunit-core\2.8.3\xmlunit-core-2.8.3.jar;E:\maven\apache-maven-3.8.1\maven-repo\org\springframework\boot\spring-boot-starter-web\2.5.6\spring-boot-starter-web-2.5.6.jar;E:\maven\apache-maven-3.8.1\maven-repo\org\springframework\boot\spring-boot-starter-json\2.5.6\spring-boot-starter-json-2.5.6.jar;E:\maven\apache-maven-3.8.1\maven-repo\com\fasterxml\jackson\core\jackson-databind\2.12.5\jackson-databind-2.12.5.jar;E:\maven\apache-maven-3.8.1\maven-repo\com\fasterxml\jackson\core\jackson-annotations\2.12.5\jackson-annotations-2.12.5.jar;E:\maven\apache-maven-3.8.1\maven-repo\com\fasterxml\jackson\core\jackson-core\2.12.5\jackson-core-2.12.5.jar;E:\maven\apache-maven-3.8.1\maven-repo\com\fasterxml\jackson\datatype\jackson-datatype-jdk8\2.12.5\jackson-datatype-jdk8-2.12.5.jar;E:\maven\apache-maven-3.8.1\maven-repo\com\fasterxml\jackson\datatype\jackson-datatype-jsr310\2.12.5\jackson-datatype-jsr310-2.12.5.jar;E:\maven\apache-maven-3.8.1\maven-repo\com\fasterxml\jackson\module\jackson-module-parameter-names\2.12.5\jackson-module-parameter-names-2.12.5.jar;E:\maven\apache-maven-3.8.1\maven-repo\org\springframework\boot\spring-boot-starter-tomcat\2.5.6\spring-boot-starter-tomcat-2.5.6.jar;E:\maven\apache-maven-3.8.1\maven-repo\org\apache\tomcat\embed\tomcat-embed-core\9.0.54\tomcat-embed-core-9.0.54.jar;E:\maven\apache-maven-3.8.1\maven-repo\org\apache\tomcat\embed\tomcat-embed-el\9.0.54\tomcat-embed-el-9.0.54.jar;E:\maven\apache-maven-3.8.1\maven-repo\org\apache\tomcat\embed\tomcat-embed-websocket\9.0.54\tomcat-embed-websocket-9.0.54.jar;E:\maven\apache-maven-3.8.1\maven-repo\org\springframework\spring-web\5.3.12\spring-web-5.3.12.jar;E:\maven\apache-maven-3.8.1\maven-repo\org\springframework\spring-beans\5.3.12\spring-beans-5.3.12.jar;E:\maven\apache-maven-3.8.1\maven-repo\org\springframework\spring-webmvc\5.3.12\spring-webmvc-5.3.12.jar;E:\maven\apache-maven-3.8.1\maven-repo\org\springframework\spring-aop\5.3.12\spring-aop-5.3.12.jar;E:\maven\apache-maven-3.8.1\maven-repo\org\springframework\spring-expression\5.3.12\spring-expression-5.3.12.jar;E:\maven\apache-maven-3.8.1\maven-repo\org\springframework\boot\spring-boot-starter-actuator\2.5.6\spring-boot-starter-actuator-2.5.6.jar;E:\maven\apache-maven-3.8.1\maven-repo\org\springframework\boot\spring-boot-actuator-autoconfigure\2.5.6\spring-boot-actuator-autoconfigure-2.5.6.jar;E:\maven\apache-maven-3.8.1\maven-repo\org\springframework\boot\spring-boot-actuator\2.5.6\spring-boot-actuator-2.5.6.jar;E:\maven\apache-maven-3.8.1\maven-repo\io\micrometer\micrometer-core\1.7.5\micrometer-core-1.7.5.jar;E:\maven\apache-maven-3.8.1\maven-repo\org\hdrhistogram\HdrHistogram\2.1.12\HdrHistogram-2.1.12.jar;E:\maven\apache-maven-3.8.1\maven-repo\org\latencyutils\LatencyUtils\2.0.3\LatencyUtils-2.0.3.jar;E:\maven\apache-maven-3.8.1\maven-repo\org\mybatis\spring\boot\mybatis-spring-boot-starter\2.2.0\mybatis-spring-boot-starter-2.2.0.jar;E:\maven\apache-maven-3.8.1\maven-repo\org\springframework\boot\spring-boot-starter-jdbc\2.5.6\spring-boot-starter-jdbc-2.5.6.jar;E:\maven\apache-maven-3.8.1\maven-repo\com\zaxxer\HikariCP\4.0.3\HikariCP-4.0.3.jar;E:\maven\apache-maven-3.8.1\maven-repo\org\springframework\spring-jdbc\5.3.12\spring-jdbc-5.3.12.jar;E:\maven\apache-maven-3.8.1\maven-repo\org\springframework\spring-tx\5.3.12\spring-tx-5.3.12.jar;E:\maven\apache-maven-3.8.1\maven-repo\org\mybatis\spring\boot\mybatis-spring-boot-autoconfigure\2.2.0\mybatis-spring-boot-autoconfigure-2.2.0.jar;E:\maven\apache-maven-3.8.1\maven-repo\org\mybatis\mybatis\3.5.7\mybatis-3.5.7.jar;E:\maven\apache-maven-3.8.1\maven-repo\org\mybatis\mybatis-spring\2.0.6\mybatis-spring-2.0.6.jar;E:\maven\apache-maven-3.8.1\maven-repo\mysql\mysql-connector-java\8.0.27\mysql-connector-java-8.0.27.jar;E:\maven\apache-maven-3.8.1\maven-repo\org\projectlombok\lombok\1.18.22\lombok-1.18.22.jar;E:\maven\apache-maven-3.8.1\maven-repo\com\alibaba\fastjson\1.2.78\fastjson-1.2.78.jar;E:\maven\apache-maven-3.8.1\maven-repo\com\github\pagehelper\pagehelper\4.1.6\pagehelper-4.1.6.jar;E:\maven\apache-maven-3.8.1\maven-repo\com\github\jsqlparser\jsqlparser\0.9.5\jsqlparser-0.9.5.jar;"/>
    <property name="java.vm.vendor" value="Oracle Corporation"/>
    <property name="sun.arch.data.model" value="64"/>
    <property name="user.variant" value=""/>
    <property name="java.vendor.url" value="https://java.oracle.com/"/>
    <property name="user.timezone" value="Asia/Shanghai"/>
    <property name="os.name" value="Windows 10"/>
    <property name="java.vm.specification.version" value="16"/>
    <property name="sun.java.launcher" value="SUN_STANDARD"/>
    <property name="user.country" value="CN"/>
    <property name="sun.boot.library.path" value="C:\Users\WXJ\.jdks\openjdk-16.0.2\bin"/>
    <property name="sun.java.command" value="C:\Users\WXJ\AppData\Local\Temp\surefire6421455233543881329\surefirebooter18113184902085437080.jar C:\Users\WXJ\AppData\Local\Temp\surefire6421455233543881329 2022-03-28T22-02-20_584-jvmRun1 surefire8729642131710881135tmp surefire_07316130857092000361tmp"/>
    <property name="jdk.debug" value="release"/>
    <property name="surefire.test.class.path" value="D:\Desktop\ResearchTeam\RT项目代码\target\test-classes;D:\Desktop\ResearchTeam\RT项目代码\target\classes;E:\maven\apache-maven-3.8.1\maven-repo\org\springframework\boot\spring-boot-starter\2.5.6\spring-boot-starter-2.5.6.jar;E:\maven\apache-maven-3.8.1\maven-repo\org\springframework\boot\spring-boot\2.5.6\spring-boot-2.5.6.jar;E:\maven\apache-maven-3.8.1\maven-repo\org\springframework\spring-context\5.3.12\spring-context-5.3.12.jar;E:\maven\apache-maven-3.8.1\maven-repo\org\springframework\boot\spring-boot-autoconfigure\2.5.6\spring-boot-autoconfigure-2.5.6.jar;E:\maven\apache-maven-3.8.1\maven-repo\org\springframework\boot\spring-boot-starter-logging\2.5.6\spring-boot-starter-logging-2.5.6.jar;E:\maven\apache-maven-3.8.1\maven-repo\ch\qos\logback\logback-classic\1.2.6\logback-classic-1.2.6.jar;E:\maven\apache-maven-3.8.1\maven-repo\ch\qos\logback\logback-core\1.2.6\logback-core-1.2.6.jar;E:\maven\apache-maven-3.8.1\maven-repo\org\apache\logging\log4j\log4j-to-slf4j\2.14.1\log4j-to-slf4j-2.14.1.jar;E:\maven\apache-maven-3.8.1\maven-repo\org\apache\logging\log4j\log4j-api\2.14.1\log4j-api-2.14.1.jar;E:\maven\apache-maven-3.8.1\maven-repo\org\slf4j\jul-to-slf4j\1.7.32\jul-to-slf4j-1.7.32.jar;E:\maven\apache-maven-3.8.1\maven-repo\jakarta\annotation\jakarta.annotation-api\1.3.5\jakarta.annotation-api-1.3.5.jar;E:\maven\apache-maven-3.8.1\maven-repo\org\springframework\spring-core\5.3.12\spring-core-5.3.12.jar;E:\maven\apache-maven-3.8.1\maven-repo\org\springframework\spring-jcl\5.3.12\spring-jcl-5.3.12.jar;E:\maven\apache-maven-3.8.1\maven-repo\org\yaml\snakeyaml\1.28\snakeyaml-1.28.jar;E:\maven\apache-maven-3.8.1\maven-repo\org\springframework\boot\spring-boot-starter-test\2.5.6\spring-boot-starter-test-2.5.6.jar;E:\maven\apache-maven-3.8.1\maven-repo\org\springframework\boot\spring-boot-test\2.5.6\spring-boot-test-2.5.6.jar;E:\maven\apache-maven-3.8.1\maven-repo\org\springframework\boot\spring-boot-test-autoconfigure\2.5.6\spring-boot-test-autoconfigure-2.5.6.jar;E:\maven\apache-maven-3.8.1\maven-repo\com\jayway\jsonpath\json-path\2.5.0\json-path-2.5.0.jar;E:\maven\apache-maven-3.8.1\maven-repo\net\minidev\json-smart\2.4.7\json-smart-2.4.7.jar;E:\maven\apache-maven-3.8.1\maven-repo\net\minidev\accessors-smart\2.4.7\accessors-smart-2.4.7.jar;E:\maven\apache-maven-3.8.1\maven-repo\org\ow2\asm\asm\9.1\asm-9.1.jar;E:\maven\apache-maven-3.8.1\maven-repo\org\slf4j\slf4j-api\1.7.32\slf4j-api-1.7.32.jar;E:\maven\apache-maven-3.8.1\maven-repo\jakarta\xml\bind\jakarta.xml.bind-api\2.3.3\jakarta.xml.bind-api-2.3.3.jar;E:\maven\apache-maven-3.8.1\maven-repo\jakarta\activation\jakarta.activation-api\1.2.2\jakarta.activation-api-1.2.2.jar;E:\maven\apache-maven-3.8.1\maven-repo\org\assertj\assertj-core\3.19.0\assertj-core-3.19.0.jar;E:\maven\apache-maven-3.8.1\maven-repo\org\hamcrest\hamcrest\2.2\hamcrest-2.2.jar;E:\maven\apache-maven-3.8.1\maven-repo\org\junit\jupiter\junit-jupiter\5.7.2\junit-jupiter-5.7.2.jar;E:\maven\apache-maven-3.8.1\maven-repo\org\junit\jupiter\junit-jupiter-api\5.7.2\junit-jupiter-api-5.7.2.jar;E:\maven\apache-maven-3.8.1\maven-repo\org\apiguardian\apiguardian-api\1.1.0\apiguardian-api-1.1.0.jar;E:\maven\apache-maven-3.8.1\maven-repo\org\opentest4j\opentest4j\1.2.0\opentest4j-1.2.0.jar;E:\maven\apache-maven-3.8.1\maven-repo\org\junit\platform\junit-platform-commons\1.7.2\junit-platform-commons-1.7.2.jar;E:\maven\apache-maven-3.8.1\maven-repo\org\junit\jupiter\junit-jupiter-params\5.7.2\junit-jupiter-params-5.7.2.jar;E:\maven\apache-maven-3.8.1\maven-repo\org\junit\jupiter\junit-jupiter-engine\5.7.2\junit-jupiter-engine-5.7.2.jar;E:\maven\apache-maven-3.8.1\maven-repo\org\junit\platform\junit-platform-engine\1.7.2\junit-platform-engine-1.7.2.jar;E:\maven\apache-maven-3.8.1\maven-repo\org\mockito\mockito-core\3.9.0\mockito-core-3.9.0.jar;E:\maven\apache-maven-3.8.1\maven-repo\net\bytebuddy\byte-buddy\1.10.22\byte-buddy-1.10.22.jar;E:\maven\apache-maven-3.8.1\maven-repo\net\bytebuddy\byte-buddy-agent\1.10.22\byte-buddy-agent-1.10.22.jar;E:\maven\apache-maven-3.8.1\maven-repo\org\objenesis\objenesis\3.2\objenesis-3.2.jar;E:\maven\apache-maven-3.8.1\maven-repo\org\mockito\mockito-junit-jupiter\3.9.0\mockito-junit-jupiter-3.9.0.jar;E:\maven\apache-maven-3.8.1\maven-repo\org\skyscreamer\jsonassert\1.5.0\jsonassert-1.5.0.jar;E:\maven\apache-maven-3.8.1\maven-repo\com\vaadin\external\google\android-json\0.0.20131108.vaadin1\android-json-0.0.20131108.vaadin1.jar;E:\maven\apache-maven-3.8.1\maven-repo\org\springframework\spring-test\5.3.12\spring-test-5.3.12.jar;E:\maven\apache-maven-3.8.1\maven-repo\org\xmlunit\xmlunit-core\2.8.3\xmlunit-core-2.8.3.jar;E:\maven\apache-maven-3.8.1\maven-repo\org\springframework\boot\spring-boot-starter-web\2.5.6\spring-boot-starter-web-2.5.6.jar;E:\maven\apache-maven-3.8.1\maven-repo\org\springframework\boot\spring-boot-starter-json\2.5.6\spring-boot-starter-json-2.5.6.jar;E:\maven\apache-maven-3.8.1\maven-repo\com\fasterxml\jackson\core\jackson-databind\2.12.5\jackson-databind-2.12.5.jar;E:\maven\apache-maven-3.8.1\maven-repo\com\fasterxml\jackson\core\jackson-annotations\2.12.5\jackson-annotations-2.12.5.jar;E:\maven\apache-maven-3.8.1\maven-repo\com\fasterxml\jackson\core\jackson-core\2.12.5\jackson-core-2.12.5.jar;E:\maven\apache-maven-3.8.1\maven-repo\com\fasterxml\jackson\datatype\jackson-datatype-jdk8\2.12.5\jackson-datatype-jdk8-2.12.5.jar;E:\maven\apache-maven-3.8.1\maven-repo\com\fasterxml\jackson\datatype\jackson-datatype-jsr310\2.12.5\jackson-datatype-jsr310-2.12.5.jar;E:\maven\apache-maven-3.8.1\maven-repo\com\fasterxml\jackson\module\jackson-module-parameter-names\2.12.5\jackson-module-parameter-names-2.12.5.jar;E:\maven\apache-maven-3.8.1\maven-repo\org\springframework\boot\spring-boot-starter-tomcat\2.5.6\spring-boot-starter-tomcat-2.5.6.jar;E:\maven\apache-maven-3.8.1\maven-repo\org\apache\tomcat\embed\tomcat-embed-core\9.0.54\tomcat-embed-core-9.0.54.jar;E:\maven\apache-maven-3.8.1\maven-repo\org\apache\tomcat\embed\tomcat-embed-el\9.0.54\tomcat-embed-el-9.0.54.jar;E:\maven\apache-maven-3.8.1\maven-repo\org\apache\tomcat\embed\tomcat-embed-websocket\9.0.54\tomcat-embed-websocket-9.0.54.jar;E:\maven\apache-maven-3.8.1\maven-repo\org\springframework\spring-web\5.3.12\spring-web-5.3.12.jar;E:\maven\apache-maven-3.8.1\maven-repo\org\springframework\spring-beans\5.3.12\spring-beans-5.3.12.jar;E:\maven\apache-maven-3.8.1\maven-repo\org\springframework\spring-webmvc\5.3.12\spring-webmvc-5.3.12.jar;E:\maven\apache-maven-3.8.1\maven-repo\org\springframework\spring-aop\5.3.12\spring-aop-5.3.12.jar;E:\maven\apache-maven-3.8.1\maven-repo\org\springframework\spring-expression\5.3.12\spring-expression-5.3.12.jar;E:\maven\apache-maven-3.8.1\maven-repo\org\springframework\boot\spring-boot-starter-actuator\2.5.6\spring-boot-starter-actuator-2.5.6.jar;E:\maven\apache-maven-3.8.1\maven-repo\org\springframework\boot\spring-boot-actuator-autoconfigure\2.5.6\spring-boot-actuator-autoconfigure-2.5.6.jar;E:\maven\apache-maven-3.8.1\maven-repo\org\springframework\boot\spring-boot-actuator\2.5.6\spring-boot-actuator-2.5.6.jar;E:\maven\apache-maven-3.8.1\maven-repo\io\micrometer\micrometer-core\1.7.5\micrometer-core-1.7.5.jar;E:\maven\apache-maven-3.8.1\maven-repo\org\hdrhistogram\HdrHistogram\2.1.12\HdrHistogram-2.1.12.jar;E:\maven\apache-maven-3.8.1\maven-repo\org\latencyutils\LatencyUtils\2.0.3\LatencyUtils-2.0.3.jar;E:\maven\apache-maven-3.8.1\maven-repo\org\mybatis\spring\boot\mybatis-spring-boot-starter\2.2.0\mybatis-spring-boot-starter-2.2.0.jar;E:\maven\apache-maven-3.8.1\maven-repo\org\springframework\boot\spring-boot-starter-jdbc\2.5.6\spring-boot-starter-jdbc-2.5.6.jar;E:\maven\apache-maven-3.8.1\maven-repo\com\zaxxer\HikariCP\4.0.3\HikariCP-4.0.3.jar;E:\maven\apache-maven-3.8.1\maven-repo\org\springframework\spring-jdbc\5.3.12\spring-jdbc-5.3.12.jar;E:\maven\apache-maven-3.8.1\maven-repo\org\springframework\spring-tx\5.3.12\spring-tx-5.3.12.jar;E:\maven\apache-maven-3.8.1\maven-repo\org\mybatis\spring\boot\mybatis-spring-boot-autoconfigure\2.2.0\mybatis-spring-boot-autoconfigure-2.2.0.jar;E:\maven\apache-maven-3.8.1\maven-repo\org\mybatis\mybatis\3.5.7\mybatis-3.5.7.jar;E:\maven\apache-maven-3.8.1\maven-repo\org\mybatis\mybatis-spring\2.0.6\mybatis-spring-2.0.6.jar;E:\maven\apache-maven-3.8.1\maven-repo\mysql\mysql-connector-java\8.0.27\mysql-connector-java-8.0.27.jar;E:\maven\apache-maven-3.8.1\maven-repo\org\projectlombok\lombok\1.18.22\lombok-1.18.22.jar;E:\maven\apache-maven-3.8.1\maven-repo\com\alibaba\fastjson\1.2.78\fastjson-1.2.78.jar;E:\maven\apache-maven-3.8.1\maven-repo\com\github\pagehelper\pagehelper\4.1.6\pagehelper-4.1.6.jar;E:\maven\apache-maven-3.8.1\maven-repo\com\github\jsqlparser\jsqlparser\0.9.5\jsqlparser-0.9.5.jar;"/>
    <property name="sun.cpu.endian" value="little"/>
    <property name="user.home" value="C:\Users\WXJ"/>
    <property name="user.language" value="zh"/>
    <property name="java.specification.vendor" value="Oracle Corporation"/>
    <property name="java.version.date" value="2021-07-20"/>
    <property name="java.home" value="C:\Users\WXJ\.jdks\openjdk-16.0.2"/>
    <property name="file.separator" value="\"/>
    <property name="basedir" value="D:\Desktop\ResearchTeam\RT项目代码"/>
    <property name="java.vm.compressedOopsMode" value="Zero based"/>
    <property name="line.separator" value="&#10;"/>
    <property name="java.vm.specification.vendor" value="Oracle Corporation"/>
    <property name="java.specification.name" value="Java Platform API Specification"/>
    <property name="surefire.real.class.path" value="C:\Users\WXJ\AppData\Local\Temp\surefire6421455233543881329\surefirebooter18113184902085437080.jar"/>
    <property name="user.script" value=""/>
    <property name="sun.management.compiler" value="HotSpot 64-Bit Tiered Compilers"/>
    <property name="java.runtime.version" value="16.0.2+7-67"/>
    <property name="user.name" value="WXJ"/>
    <property name="path.separator" value=";"/>
    <property name="os.version" value="10.0"/>
    <property name="java.runtime.name" value="OpenJDK Runtime Environment"/>
    <property name="file.encoding" value="GBK"/>
    <property name="java.vm.name" value="OpenJDK 64-Bit Server VM"/>
    <property name="localRepository" value="E:\maven\apache-maven-3.8.1\maven-repo"/>
    <property name="java.vendor.url.bug" value="https://bugreport.java.com/bugreport/"/>
    <property name="java.io.tmpdir" value="C:\Users\WXJ\AppData\Local\Temp\"/>
    <property name="idea.version" value="2021.1.2"/>
    <property name="java.version" value="16.0.2"/>
    <property name="user.dir" value="D:\Desktop\ResearchTeam\RT项目代码"/>
    <property name="os.arch" value="amd64"/>
    <property name="java.vm.specification.name" value="Java Virtual Machine Specification"/>
    <property name="sun.os.patch.level" value=""/>
    <property name="java.library.path" value="C:\Users\WXJ\.jdks\openjdk-16.0.2\bin;C:\WINDOWS\Sun\Java\bin;C:\WINDOWS\system32;C:\WINDOWS;D:\VMware\bin\;E:\oracle\bin;C:\Program Files (x86)\Common Files\Oracle\Java\javapath;C:\ProgramData\Anaconda3;C:\ProgramData\Anaconda3\Library\mingw-w64\bin;C:\ProgramData\Anaconda3\Library\usr\bin;C:\ProgramData\Anaconda3\Library\bin;C:\ProgramData\Anaconda3\Scripts;D:\Anaconda;D:\Anaconda\Library\mingw-w64\bin;D:\Anaconda\Library\usr\bin;D:\Anaconda\Library\bin;D:\Anaconda\Scripts;C:\ProgramData\Oracle\Java\javapath;C:\Windows\system32;C:\Windows;C:\Windows\System32\Wbem;C:\Windows\System32\WindowsPowerShell\v1.0\;C:\Windows\System32\OpenSSH\;C:\Program Files (x86)\NVIDIA Corporation\PhysX\Common;C:\Program Files\NVIDIA Corporation\NVIDIA NGX;C:\Program Files\NVIDIA Corporation\NVIDIA NvDLISR;E:\matlab2020\runtime\win64;E:\matlab2020\bin;E:\matlab\runtime\win64;E:\matlab\bin;C:\WINDOWS\system32;C:\WINDOWS;C:\WINDOWS\System32\Wbem;C:\WINDOWS\System32\WindowsPowerShell\v1.0\;C:\WINDOWS\System32\OpenSSH\;D:\Xshell\;D:\Xftp\;D:\Graphviz\bin;C:\Program Files\MySQL\MySQL Server 8.0\bin;D:\Desktop\CS_learning\apache-maven-3.8.1\bin;E:\tomcat\apache-tomcat-9.0.45\bin;E:\tomcat\apache-tomcat-9.0.45\lib;E:\Mysql\mysql-8.0.25\bin;E:\maven\apache-maven-3.8.1\bin;E:\matlab2020\polyspace\bin;D:\Git\cmd;D:\python\Scripts\;D:\python\;C:\Users\WXJ\AppData\Local\Programs\Python\Python37\Scripts\;C:\Users\WXJ\AppData\Local\Programs\Python\Python37\;C:\Users\WXJ\AppData\Local\Microsoft\WindowsApps;D:\PyCharm Community Edition 2019.2.4\bin;C:\Users\WXJ\AppData\Local\Programs\Microsoft VS Code\bin;C:\Users\WXJ\Desktop\CS_learning\driver;C:\Users\WXJ\AppData\Local\Microsoft\WindowsApps;E:\PyCharm 2020.1.2\bin;;D:\phpstudy_pro\Extensions\php\php7.3.4nts;D:\phpstudy_pro\Extensions\composer1.8.5;C:\Users\WXJ\AppData\Local\GitHubDesktop\bin;C:\Users\WXJ\mingw64\bin;."/>
    <property name="java.vm.info" value="mixed mode, sharing"/>
    <property name="java.vendor" value="Oracle Corporation"/>
    <property name="java.vm.version" value="16.0.2+7-67"/>
    <property name="sun.io.unicode.encoding" value="UnicodeLittle"/>
    <property name="maven.repo.local" value="E:\maven\apache-maven-3.8.1\maven-repo"/>
    <property name="java.class.version" value="60.0"/>
  </properties>
  <testcase name="contextLoads" classname="com.chongan.ResearchTeamApplicationTests" time="0.544"/>
</testsuite>